<?xml version="1.0" encoding="UTF-8"?>
<!-- Generated by org.testng.reporters.JUnitReportReporter -->
<testsuite hostname="WINDOWS-K2TOBJP" failures="0" tests="1" name="tests.LoginTest" time="23.302" errors="0" timestamp="2025-07-05T17:44:34 IST" skipped="0">
  <testcase classname="tests.LoginTest" name="testValidLogin" time="23.302"/>
</testsuite> <!-- tests.LoginTest -->
