<?xml version="1.0" encoding="UTF-8"?>
<!-- Generated by org.testng.reporters.JUnitReportReporter -->
<testsuite hostname="DESKTOP-8KP7J4N" failures="0" tests="1" name="tests.LoginTest" time="12.708" errors="0" timestamp="2025-07-03T17:49:19 IST" skipped="0">
  <testcase classname="tests.LoginTest" name="testValidLogin" time="12.708"/>
</testsuite> <!-- tests.LoginTest -->
